[ERROR] [2018-10-03 21:21:40][freemarker.runtime]Error executing FreeMarker template
FreeMarker template error:
The following has evaluated to null or missing:
==> author  [in template "templates/entity.java.ftl" at line 21, column 14]

----
Tip: If the failing expression is known to legally refer to something that's sometimes null or missing, either specify a default value like myOptionalVar!myDefault, or use <#if myOptionalVar??>when-present<#else>when-missing</#if>. (These only cover the last step of the expression; to cover the whole expression, use parenthesis: (myOptionalVar.foo)!myDefault, (myOptionalVar.foo)??
----

----
FTL stack trace ("~" means nesting-related):
	- Failed at: ${author}  [in template "templates/entity.java.ftl" at line 21, column 12]
----

Java stack trace (for programmers):
----
freemarker.core.InvalidReferenceException: [... Exception message was already printed; see it above ...]
	at freemarker.core.InvalidReferenceException.getInstance(InvalidReferenceException.java:134)
	at freemarker.core.EvalUtil.coerceModelToTextualCommon(EvalUtil.java:467)
	at freemarker.core.EvalUtil.coerceModelToStringOrMarkup(EvalUtil.java:389)
	at freemarker.core.EvalUtil.coerceModelToStringOrMarkup(EvalUtil.java:358)
	at freemarker.core.DollarVariable.calculateInterpolatedStringOrMarkup(DollarVariable.java:100)
	at freemarker.core.DollarVariable.accept(DollarVariable.java:63)
	at freemarker.core.Environment.visit(Environment.java:330)
	at freemarker.core.Environment.visit(Environment.java:336)
	at freemarker.core.Environment.process(Environment.java:309)
	at freemarker.template.Template.process(Template.java:384)
	at com.baomidou.mybatisplus.generator.engine.FreemarkerTemplateEngine.writer(FreemarkerTemplateEngine.java:56)
	at com.baomidou.mybatisplus.generator.engine.AbstractTemplateEngine.batchOutput(AbstractTemplateEngine.java:102)
	at com.baomidou.mybatisplus.generator.AutoGenerator.execute(AutoGenerator.java:98)
	at cn.ghy.generator.MpCodeGenerator.generateByTables(MpGenerator.java:74)
	at cn.ghy.generator.MpCodeGenerator.main(MpGenerator.java:27)
